
> kyc-platform@0.1.0 dev
> next dev

 ⚠ Warning: Next.js inferred your workspace root, but it may not be correct.
 We detected multiple lockfiles and selected the directory of /Users/macbook/package-lock.json as the root directory.
 To silence this warning, set `outputFileTracingRoot` in your Next.js config, or consider removing one of the lockfiles if it's not needed.
   See https://nextjs.org/docs/app/api-reference/config/next-config-js/output#caveats for more information.
 Detected additional lockfiles: 
   * /Users/macbook/kyc-platform/package-lock.json

   ▲ Next.js 15.5.6
   - Local:        http://localhost:3000
   - Network:      http://172.20.10.14:3000
   - Environments: .env.local

 ✓ Starting...
 ✓ Ready in 2.8s
 ⚠ Cross origin request detected from 172.20.10.14 to /_next/* resource. In a future major version of Next.js, you will need to explicitly configure "allowedDevOrigins" in next.config to allow this.
Read more: https://nextjs.org/docs/app/api-reference/config/next-config-js/allowedDevOrigins
 ⚠ Fast Refresh had to perform a full reload due to a runtime error.
 ○ Compiling /dashboard ...
 ✓ Compiled /dashboard in 10.4s (1791 modules)
 ⚠ Fast Refresh had to perform a full reload due to a runtime error.
 GET /dashboard 200 in 10560ms
 ✓ Compiled in 1446ms (818 modules)
 GET /dashboard 200 in 497ms
 ○ Compiling /favicon.ico ...
 ✓ Compiled /favicon.ico in 2.4s (980 modules)
 GET /favicon.ico 200 in 2560ms
 GET /favicon.ico 200 in 10ms
 ○ Compiling /agents ...
 ✓ Compiled /agents in 570ms (1795 modules)
 GET /agents 200 in 712ms
 ○ Compiling / ...
 ✓ Compiled / in 940ms (1985 modules)
 GET / 200 in 1069ms
 GET / 200 in 257ms
 ✓ Compiled in 1429ms (1976 modules)
 GET / 200 in 234ms
 ✓ Compiled in 537ms (1976 modules)
 GET / 200 in 142ms
 GET / 200 in 282ms
 ✓ Compiled /favicon.ico in 356ms (1114 modules)
 GET /favicon.ico 200 in 531ms
 GET /favicon.ico 200 in 14ms
 ✓ Compiled in 624ms (1992 modules)
 GET / 200 in 173ms
 ✓ Compiled in 1274ms (1976 modules)
 GET / 200 in 240ms
 ✓ Compiled in 778ms (1976 modules)
 GET / 200 in 194ms
 GET /dashboard 200 in 50ms
 ○ Compiling /agents ...
 ✓ Compiled /agents in 709ms (1105 modules)
 GET /agents 200 in 834ms
 GET /dashboard 200 in 49ms
 GET / 200 in 41ms
 ✓ Compiled in 576ms (878 modules)
 GET / 200 in 134ms
 ✓ Compiled in 952ms (1976 modules)
 GET / 200 in 174ms
 ✓ Compiled /agents in 229ms (1105 modules)
 GET /agents 200 in 342ms
 GET / 200 in 40ms
 GET / 200 in 340ms
 ○ Compiling /favicon.ico ...
 ✓ Compiled /favicon.ico in 974ms (1121 modules)
 GET /favicon.ico 200 in 1155ms
 GET /favicon.ico 200 in 14ms
 ✓ Compiled in 1384ms (1999 modules)
 GET / 200 in 155ms
 GET / 200 in 441ms
 GET /agents 200 in 84ms
 GET /dashboard 200 in 90ms
 GET /agents 200 in 52ms
 GET /dashboard 200 in 33ms
 GET / 200 in 25ms
 GET /agents 200 in 41ms
 GET /dashboard 200 in 29ms
 GET / 200 in 42ms
 GET / 200 in 152ms
 GET /favicon.ico 200 in 137ms
 GET /favicon.ico 200 in 23ms
 ✓ Compiled in 918ms (878 modules)
 GET / 200 in 40ms
 ✓ Compiled in 549ms (878 modules)
 GET / 200 in 46ms
 GET / 200 in 153ms
 GET /favicon.ico 200 in 35ms
 GET /favicon.ico 200 in 22ms
 ✓ Compiled in 962ms (1980 modules)
 GET / 200 in 216ms
 ✓ Compiled /agents in 396ms (1107 modules)
 GET /agents 200 in 560ms
 GET / 200 in 43ms
 GET /agents 200 in 43ms
 GET /dashboard 200 in 42ms
 GET / 200 in 60ms
 ✓ Compiled in 1499ms (839 modules)
 ⚠ Fast Refresh had to perform a full reload. Read more: https://nextjs.org/docs/messages/fast-refresh-reload
 GET / 200 in 154ms
 GET / 200 in 310ms
 ✓ Compiled /favicon.ico in 251ms (550 modules)
 GET /favicon.ico 200 in 430ms
 GET /favicon.ico 200 in 10ms
 ✓ Compiled in 448ms (856 modules)
 GET / 200 in 143ms
 ✓ Compiled in 395ms (856 modules)
 GET / 200 in 110ms
 GET /agents 200 in 53ms
 GET /dashboard 200 in 48ms
 GET / 200 in 28ms
 GET /agents 200 in 46ms
 GET /dashboard 200 in 39ms
 GET / 200 in 27ms
 GET /dashboard 200 in 31ms
 GET / 200 in 31ms
 GET /agents 200 in 46ms
 GET /dashboard 200 in 48ms
 GET / 200 in 115ms
 GET /dashboard 200 in 52ms
 GET /agents 200 in 31ms
 GET / 200 in 35ms
 ✓ Compiled in 1007ms (825 modules)
 GET / 200 in 202ms
 GET /agents 200 in 65ms
 ○ Compiling /agents/[did] ...
 ✓ Compiled /agents/[did] in 1682ms (836 modules)
 GET /agents/did%3Aiden3%3Apolygon%3Aamoy%3AUNAEr7ghGMoyoqFCHVjNGcvCkZmhmJa8pgV7t 200 in 2661ms
 GET /agents/did%3Aiden3%3Apolygon%3Aamoy%3AUNAEr7ghGMoyoqFCHVjNGcvCkZmhmJa8pgV7t 200 in 36ms
 GET /dashboard 200 in 62ms
 GET /agents 200 in 71ms
 GET / 200 in 52ms
 GET /dashboard?credentialId=urn%3A23141b9a-7c31-4547-9082-c5a1b8a90e1c 200 in 58ms
 GET /dashboard 200 in 24ms
 GET /agents 200 in 24ms
 GET / 200 in 43ms
 ✓ Compiled in 1445ms (850 modules)
 GET / 200 in 251ms
 ✓ Compiled in 299ms (310 modules)
 GET / 200 in 46ms
 GET / 200 in 345ms
 GET /dashboard 200 in 42ms
 GET /dashboard 200 in 121ms
 ✓ Compiled /favicon.ico in 325ms (557 modules)
 GET /favicon.ico 200 in 580ms
 GET /favicon.ico 200 in 34ms
 GET /agents 200 in 90ms
 GET /agents/did%3Aiden3%3Apolygon%3Aamoy%3AUNAEr7ghGMoyoqFCHVjNGcvCkZmhmJa8pgV7t 200 in 164ms
 GET /agents 200 in 154ms
 ✓ Compiled in 3s (850 modules)
 ✓ Compiled in 458ms (850 modules)
 ⨯ ./src/app/agents/page.js
Error:   [31mx[0m Unexpected token. Did you mean `{'}'}` or `&rbrace;`?
     ,-[[36;1;4m/Users/macbook/kyc-platform/src/app/agents/page.js[0m:306:1]
 [2m303[0m |       </Link>
 [2m304[0m |     </div>
 [2m305[0m |   )
 [2m306[0m | }
     : [35;1m^[0m
     `----
  [31mx[0m Unexpected eof
     ,-[[36;1;4m/Users/macbook/kyc-platform/src/app/agents/page.js[0m:306:3]
 [2m304[0m |     </div>
 [2m305[0m |   )
 [2m306[0m | }
     `----

Caused by:
    Syntax Error

Import trace for requested module:
./src/app/agents/page.js
 ✓ Compiled in 665ms (836 modules)
 ✓ Compiled in 211ms (310 modules)
 ✓ Compiled in 509ms (310 modules)
 ✓ Compiled in 240ms (310 modules)
 ✓ Compiled in 1288ms (850 modules)
 ✓ Compiled in 405ms (850 modules)
 ✓ Compiled in 434ms (850 modules)
 ✓ Compiled in 223ms (310 modules)
 ✓ Compiled in 255ms (310 modules)
 ✓ Compiled in 282ms (310 modules)
 ✓ Compiled in 190ms (310 modules)
